2025-08-02 18:18:09 [background-preinit] INFO  o.h.validator.internal.util.Version - HV000001: Hibernate Validator 7.0.0.Final
2025-08-02 18:18:09 [main] INFO  c.a.billingapi.BillingApiApplication - Starting BillingApiApplication using Java 17.0.8.1 with PID 62604 (D:\APPS\Billing sofwtware\target\classes started by Acer in D:\APPS\Billing sofwtware)
2025-08-02 18:18:09 [main] INFO  c.a.billingapi.BillingApiApplication - No active profile set, falling back to 1 default profile: "default"
2025-08-02 18:18:09 [main] INFO  o.s.d.r.c.RepositoryConfigurationDelegate - Bootstrapping Spring Data JPA repositories in DEFAULT mode.
2025-08-02 18:18:09 [main] INFO  o.s.d.r.c.RepositoryConfigurationDelegate - Finished Spring Data repository scanning in 59 ms. Found 13 JPA repository interfaces.
2025-08-02 18:18:10 [main] INFO  o.s.b.w.e.tomcat.TomcatWebServer - Tomcat initialized with port(s): 8080 (http)
2025-08-02 18:18:10 [main] INFO  o.a.coyote.http11.Http11NioProtocol - Initializing ProtocolHandler ["http-nio-8080"]
2025-08-02 18:18:10 [main] INFO  o.a.catalina.core.StandardService - Starting service [Tomcat]
2025-08-02 18:18:10 [main] INFO  o.a.catalina.core.StandardEngine - Starting Servlet engine: [Apache Tomcat/10.1.13]
2025-08-02 18:18:10 [main] INFO  o.a.c.c.C.[.[localhost].[/api] - Initializing Spring embedded WebApplicationContext
2025-08-02 18:18:10 [main] INFO  o.s.b.w.s.c.ServletWebServerApplicationContext - Root WebApplicationContext: initialization completed in 1036 ms
2025-08-02 18:18:10 [main] INFO  o.h.jpa.internal.util.LogHelper - HHH000204: Processing PersistenceUnitInfo [name: default]
2025-08-02 18:18:10 [main] INFO  org.hibernate.Version - HHH000412: Hibernate ORM core version 6.2.9.Final
2025-08-02 18:18:10 [main] INFO  org.hibernate.cfg.Environment - HHH000406: Using bytecode reflection optimizer
2025-08-02 18:18:10 [main] INFO  o.h.b.i.BytecodeProviderInitiator - HHH000021: Bytecode provider name : bytebuddy
2025-08-02 18:18:10 [main] INFO  o.s.o.j.p.SpringPersistenceUnitInfo - No LoadTimeWeaver setup: ignoring JPA class transformer
2025-08-02 18:18:10 [main] INFO  com.zaxxer.hikari.HikariDataSource - HikariPool-1 - Starting...
2025-08-02 18:18:10 [main] INFO  com.zaxxer.hikari.pool.HikariPool - HikariPool-1 - Added connection org.mariadb.jdbc.Connection@704c3bdf
2025-08-02 18:18:10 [main] INFO  com.zaxxer.hikari.HikariDataSource - HikariPool-1 - Start completed.
2025-08-02 18:18:10 [main] WARN  org.hibernate.dialect.Dialect - HHH000511: The 8.0.37 version for [org.hibernate.dialect.MariaDBDialect] is no longer supported, hence certain features may not work properly. The minimum supported version is 10.3.0. Check the community dialects project for available legacy versions.
2025-08-02 18:18:11 [main] INFO  o.h.b.i.BytecodeProviderInitiator - HHH000021: Bytecode provider name : bytebuddy
2025-08-02 18:18:11 [main] INFO  o.h.e.t.j.p.i.JtaPlatformInitiator - HHH000490: Using JtaPlatform implementation: [org.hibernate.engine.transaction.jta.platform.internal.NoJtaPlatform]
2025-08-02 18:18:11 [main] INFO  o.s.o.j.LocalContainerEntityManagerFactoryBean - Initialized JPA EntityManagerFactory for persistence unit 'default'
2025-08-02 18:18:12 [main] INFO  c.a.billingapi.config.FirebaseConfig - Firebase initialized successfully.
2025-08-02 18:18:12 [main] INFO  c.a.b.service.AuthenticationService - AuthenticationService initialized.
2025-08-02 18:18:12 [main] INFO  o.s.s.web.DefaultSecurityFilterChain - Will secure any request with [org.springframework.security.web.session.DisableEncodeUrlFilter@77b7a4b2, org.springframework.security.web.context.request.async.WebAsyncManagerIntegrationFilter@56739ee9, org.springframework.security.web.context.SecurityContextHolderFilter@1cfb59e, org.springframework.security.web.header.HeaderWriterFilter@57d6f569, org.springframework.web.filter.CorsFilter@1a56cb99, org.springframework.security.web.authentication.logout.LogoutFilter@7a6ade2c, com.app.billingapi.config.JwtAuthenticationFilter@3f7aa4f8, org.springframework.security.web.savedrequest.RequestCacheAwareFilter@18ac2dfe, org.springframework.security.web.servletapi.SecurityContextHolderAwareRequestFilter@1eb3a6a3, org.springframework.security.web.authentication.AnonymousAuthenticationFilter@1014c825, org.springframework.security.web.session.SessionManagementFilter@7720334e, org.springframework.security.web.access.ExceptionTranslationFilter@236a6a2a, org.springframework.security.web.access.intercept.AuthorizationFilter@54eea16c]
2025-08-02 18:18:12 [main] INFO  org.quartz.impl.StdSchedulerFactory - Using default implementation for ThreadExecutor
2025-08-02 18:18:12 [main] INFO  o.quartz.core.SchedulerSignalerImpl - Initialized Scheduler Signaller of type: class org.quartz.core.SchedulerSignalerImpl
2025-08-02 18:18:12 [main] INFO  org.quartz.core.QuartzScheduler - Quartz Scheduler v.2.3.2 created.
2025-08-02 18:18:12 [main] INFO  org.quartz.simpl.RAMJobStore - RAMJobStore initialized.
2025-08-02 18:18:12 [main] INFO  org.quartz.core.QuartzScheduler - Scheduler meta-data: Quartz Scheduler (v2.3.2) 'quartzScheduler' with instanceId 'NON_CLUSTERED'
  Scheduler class: 'org.quartz.core.QuartzScheduler' - running locally.
  NOT STARTED.
  Currently in standby mode.
  Number of jobs executed: 0
  Using thread pool 'org.quartz.simpl.SimpleThreadPool' - with 10 threads.
  Using job-store 'org.quartz.simpl.RAMJobStore' - which does not support persistence. and is not clustered.

2025-08-02 18:18:12 [main] INFO  org.quartz.impl.StdSchedulerFactory - Quartz scheduler 'quartzScheduler' initialized from an externally provided properties instance.
2025-08-02 18:18:12 [main] INFO  org.quartz.impl.StdSchedulerFactory - Quartz scheduler version: 2.3.2
2025-08-02 18:18:12 [main] INFO  org.quartz.core.QuartzScheduler - JobFactory set to: org.springframework.scheduling.quartz.SpringBeanJobFactory@2008dfa7
2025-08-02 18:18:13 [main] INFO  o.a.coyote.http11.Http11NioProtocol - Starting ProtocolHandler ["http-nio-8080"]
2025-08-02 18:18:13 [main] INFO  o.s.b.w.e.tomcat.TomcatWebServer - Tomcat started on port(s): 8080 (http) with context path '/api'
2025-08-02 18:18:13 [main] INFO  o.s.s.quartz.SchedulerFactoryBean - Starting Quartz Scheduler now
2025-08-02 18:18:13 [main] INFO  org.quartz.core.QuartzScheduler - Scheduler quartzScheduler_$_NON_CLUSTERED started.
2025-08-02 18:18:13 [main] INFO  c.a.billingapi.BillingApiApplication - Started BillingApiApplication in 4.084 seconds (process running for 4.697)
2025-08-02 18:18:39 [http-nio-8080-exec-3] INFO  o.a.c.c.C.[.[localhost].[/api] - Initializing Spring DispatcherServlet 'dispatcherServlet'
2025-08-02 18:18:39 [http-nio-8080-exec-3] INFO  o.s.web.servlet.DispatcherServlet - Initializing Servlet 'dispatcherServlet'
2025-08-02 18:18:39 [http-nio-8080-exec-3] INFO  o.s.web.servlet.DispatcherServlet - Completed initialization in 1 ms
